2014/05/06 16:06:43 INFO  - jmeter.util.JMeterUtils: Setting Locale to pl_PL 
2014/05/06 16:06:43 INFO  - jmeter.util.JMeterUtils: Could not find resources for 'pl_PL', using 'pl' 
2014/05/06 16:06:43 INFO  - jmeter.JMeter: Loading user properties from: C:\Users\kcichy\Desktop\ivmx\Jmeter\apache-jmeter-2.11\apache-jmeter-2.11\bin\user.properties 
2014/05/06 16:06:43 INFO  - jmeter.JMeter: Loading system properties from: C:\Users\kcichy\Desktop\ivmx\Jmeter\apache-jmeter-2.11\apache-jmeter-2.11\bin\system.properties 
2014/05/06 16:06:43 INFO  - jmeter.JMeter: Copyright (c) 1998-2014 The Apache Software Foundation 
2014/05/06 16:06:43 INFO  - jmeter.JMeter: Version 2.11 r1554548 
2014/05/06 16:06:43 INFO  - jmeter.JMeter: java.version=1.7.0_51 
2014/05/06 16:06:43 INFO  - jmeter.JMeter: java.vm.name=Java HotSpot(TM) 64-Bit Server VM 
2014/05/06 16:06:43 INFO  - jmeter.JMeter: os.name=Windows 7 
2014/05/06 16:06:43 INFO  - jmeter.JMeter: os.arch=amd64 
2014/05/06 16:06:43 INFO  - jmeter.JMeter: os.version=6.1 
2014/05/06 16:06:43 INFO  - jmeter.JMeter: file.encoding=Cp1250 
2014/05/06 16:06:43 INFO  - jmeter.JMeter: Default Locale=polski (Polska) 
2014/05/06 16:06:43 INFO  - jmeter.JMeter: JMeter  Locale=polski (Polska) 
2014/05/06 16:06:43 INFO  - jmeter.JMeter: JMeterHome=C:\Users\kcichy\Desktop\ivmx\Jmeter\apache-jmeter-2.11\apache-jmeter-2.11 
2014/05/06 16:06:43 INFO  - jmeter.JMeter: user.dir  =C:\Users\kcichy\Desktop\ivmx\Jmeter\apache-jmeter-2.11\apache-jmeter-2.11\bin 
2014/05/06 16:06:43 INFO  - jmeter.JMeter: PWD       =C:\Users\kcichy\Desktop\ivmx\Jmeter\apache-jmeter-2.11\apache-jmeter-2.11\bin 
2014/05/06 16:06:43 INFO  - jmeter.JMeter: IP: 192.168.126.156 Name: CICHYKD FullName: CICHYKD.infovidematrix.pl 
2014/05/06 16:06:43 INFO  - jmeter.JMeter: Loaded icon properties from org/apache/jmeter/images/icon.properties 
2014/05/06 16:06:46 INFO  - jmeter.engine.util.CompoundVariable: Note: Function class names must contain the string: '.functions.' 
2014/05/06 16:06:46 INFO  - jmeter.engine.util.CompoundVariable: Note: Function class names must not contain the string: '.gui.' 
2014/05/06 16:06:46 INFO  - jmeter.gui.action.LookAndFeelCommand: Using look and feel: javax.swing.plaf.metal.MetalLookAndFeel [Metal, CrossPlatform] 
2014/05/06 16:06:48 INFO  - jmeter.util.BSFTestElement: Registering JMeter version of JavaScript engine as work-round for BSF-22 
2014/05/06 16:06:48 INFO  - jmeter.protocol.http.sampler.HTTPSamplerBase: Cannot find .className property for htmlParser, using default 
2014/05/06 16:06:48 INFO  - jmeter.protocol.http.sampler.HTTPSamplerBase: Parser for text/html is  
2014/05/06 16:06:48 INFO  - jmeter.protocol.http.sampler.HTTPSamplerBase: Parser for application/xhtml+xml is  
2014/05/06 16:06:48 INFO  - jmeter.protocol.http.sampler.HTTPSamplerBase: Parser for application/xml is  
2014/05/06 16:06:48 INFO  - jmeter.protocol.http.sampler.HTTPSamplerBase: Parser for text/xml is  
2014/05/06 16:06:48 INFO  - jmeter.protocol.http.sampler.HTTPSamplerBase: Parser for text/vnd.wap.wml is org.apache.jmeter.protocol.http.parser.RegexpHTMLParser 
2014/05/06 16:06:48 INFO  - jmeter.gui.util.MenuFactory: Skipping org.apache.jmeter.protocol.http.control.gui.WebServiceSamplerGui 
2014/05/06 16:06:48 INFO  - jmeter.gui.util.MenuFactory: Skipping org.apache.jmeter.protocol.http.modifier.gui.ParamModifierGui 
2014/05/06 16:06:48 INFO  - jorphan.exec.KeyToolUtils: keytool found at 'C:\Program Files\Java\jre7\bin\keytool' 
2014/05/06 16:06:48 INFO  - jmeter.protocol.http.proxy.ProxyControl: HTTP(S) Test Script Recorder SSL Proxy will use keys that support embedded 3rd party resources in file C:\Users\kcichy\Desktop\ivmx\Jmeter\apache-jmeter-2.11\apache-jmeter-2.11\bin\proxyserver.jks 
2014/05/06 16:06:49 INFO  - jmeter.samplers.SampleResult: Note: Sample TimeStamps are START times 
2014/05/06 16:06:49 INFO  - jmeter.samplers.SampleResult: sampleresult.default.encoding is set to ISO-8859-1 
2014/05/06 16:06:49 INFO  - jmeter.samplers.SampleResult: sampleresult.useNanoTime=true 
2014/05/06 16:06:49 INFO  - jmeter.samplers.SampleResult: sampleresult.nanoThreadSleep=5000 
2014/05/06 16:07:04 INFO  - jmeter.services.FileServer: Default base='C:\Users\kcichy\Desktop\ivmx\Jmeter\apache-jmeter-2.11\apache-jmeter-2.11\bin' 
2014/05/06 16:07:04 INFO  - jmeter.gui.action.Load: Loading file: C:\Users\kcichy\Desktop\ivmx\Jmeter\apache-jmeter-2.11\apache-jmeter-2.11\bin\script.jmx 
2014/05/06 16:07:04 INFO  - jmeter.services.FileServer: Set new base='C:\Users\kcichy\Desktop\ivmx\Jmeter\apache-jmeter-2.11\apache-jmeter-2.11\bin' 
2014/05/06 16:07:04 INFO  - jmeter.save.SaveService: Testplan (JMX) version: 2.2. Testlog (JTL) version: 2.2 
2014/05/06 16:07:04 INFO  - jmeter.save.SaveService: Using SaveService properties file encoding UTF-8 
2014/05/06 16:07:04 INFO  - jmeter.save.SaveService: Using SaveService properties version 2.6 
2014/05/06 16:07:04 INFO  - jmeter.save.SaveService: Using SaveService properties file version 1554411 
2014/05/06 16:07:04 INFO  - jmeter.save.SaveService: All converter versions present and correct 
2014/05/06 16:07:04 INFO  - jmeter.protocol.http.control.CookieManager: Settings: Delete null: true Check: true Allow variable: true Save: false Prefix: COOKIE_ 
2014/05/06 16:07:09 INFO  - jmeter.services.FileServer: Set new base='C:\Users\kcichy\Desktop\ivmx\Jmeter\apache-jmeter-2.11\apache-jmeter-2.11\bin' 
2014/05/06 16:09:22 INFO  - jmeter.engine.StandardJMeterEngine: Listeners will be started after enabling running version 
2014/05/06 16:09:22 INFO  - jmeter.engine.StandardJMeterEngine: To revert to the earlier behaviour, define jmeterengine.startlistenerslater=false 
2014/05/06 16:09:22 INFO  - jmeter.engine.StandardJMeterEngine: Running the test! 
2014/05/06 16:09:22 INFO  - jmeter.samplers.SampleEvent: List of sample_variables: [IP, ACCT_ID, SA_ID, PREM_ID, SP_ID, MTR_ID, MTR_CONFIG_ID, MR_ID, MR2_ID] 
2014/05/06 16:09:22 INFO  - jmeter.samplers.SampleEvent: List of sample_variables: [IP, ACCT_ID, SA_ID, PREM_ID, SP_ID, MTR_ID, MTR_CONFIG_ID, MR_ID, MR2_ID] 
2014/05/06 16:09:23 INFO  - jmeter.protocol.java.sampler.JavaSampler: Created class: org.apache.jmeter.protocol.java.test.JavaTest. Uses tearDownTest: false 
2014/05/06 16:09:23 INFO  - jmeter.protocol.java.sampler.JavaSampler: Created class: org.apache.jmeter.protocol.java.test.JavaTest. Uses tearDownTest: false 
2014/05/06 16:09:23 INFO  - jmeter.reporters.ResultCollector: Folder C:\Users\kcichy\Desktop\ivmx\Jmeter\apache-jmeter-2.11\apache-jmeter-2.11\bin\Dane_kont_VKI_PG\Test_20140506-160923 was created 
2014/05/06 16:09:23 INFO  - jmeter.gui.util.JMeterMenuBar: setRunning(true,*local*) 
2014/05/06 16:09:24 INFO  - jmeter.engine.StandardJMeterEngine: Starting ThreadGroup: 1 : KK_13 
2014/05/06 16:09:24 INFO  - jmeter.engine.StandardJMeterEngine: Starting 1 threads for group KK_13. 
2014/05/06 16:09:24 INFO  - jmeter.engine.StandardJMeterEngine: Thread will continue on error 
2014/05/06 16:09:24 INFO  - jmeter.threads.ThreadGroup: Starting thread group number 1 threads 1 ramp-up 1 perThread 1000.0 delayedStart=false 
2014/05/06 16:09:24 INFO  - jmeter.threads.JMeterThread: jmeterthread.startearlier=true (see jmeter.properties) 
2014/05/06 16:09:24 INFO  - jmeter.threads.JMeterThread: Running PostProcessors in forward order 
2014/05/06 16:09:24 INFO  - jmeter.threads.ThreadGroup: Started thread group number 1 
2014/05/06 16:09:24 INFO  - jmeter.engine.StandardJMeterEngine: Starting ThreadGroup: 2 : [RE] Debug Mode 
2014/05/06 16:09:24 INFO  - jmeter.engine.StandardJMeterEngine: Starting 1 threads for group [RE] Debug Mode. 
2014/05/06 16:09:24 INFO  - jmeter.engine.StandardJMeterEngine: Thread will continue on error 
2014/05/06 16:09:24 INFO  - jmeter.threads.ThreadGroup: Starting thread group number 2 threads 1 ramp-up 1 perThread 1000.0 delayedStart=false 
2014/05/06 16:09:24 INFO  - jmeter.threads.ThreadGroup: Started thread group number 2 
2014/05/06 16:09:24 INFO  - jmeter.engine.StandardJMeterEngine: All thread groups have been started 
2014/05/06 16:09:24 INFO  - jmeter.threads.JMeterThread: Thread started: [RE] Debug Mode 2-1 
2014/05/06 16:09:24 INFO  - jmeter.threads.JMeterThread: Thread started: KK_13 1-1 
2014/05/06 16:09:24 INFO  - jmeter.threads.JMeterThread: Thread finished: [RE] Debug Mode 2-1 
2014/05/06 16:09:24 INFO  - jmeter.services.FileServer: Stored: Dane wejsciowe/logowanie/logowanie_kcichy.csv 
2014/05/06 16:09:24 INFO  - jmeter.protocol.http.sampler.HTTPHCAbstractImpl: Local host = CICHYKD 
2014/05/06 16:09:24 INFO  - jmeter.protocol.http.sampler.HTTPHC4Impl: HTTP request retry count = 0 
2014/05/06 16:09:24 INFO  - jmeter.protocol.http.sampler.HTTPHC4Impl: Setting up HTTPS TrustAll scheme 
2014/05/06 16:09:24 INFO  - jmeter.util.JsseSSLManager: Using default SSL protocol: TLS 
2014/05/06 16:09:24 INFO  - jmeter.util.JsseSSLManager: SSL session context: per-thread 
2014/05/06 16:09:27 INFO  - jmeter.services.FileServer: Stored: dane wejsciowe/KK_13/odczyt2.csv 
2014/05/06 16:09:27 INFO  - jmeter.services.FileServer: Stored: dane wejsciowe/KK_13/odczyt.csv 
2014/05/06 16:09:27 INFO  - jmeter.services.FileServer: Stored: dane wejsciowe/KK_13/umowa.csv 
2014/05/06 16:09:27 INFO  - jmeter.services.FileServer: Stored: dane wejsciowe/KK_13/konfiguracja_licznika.csv 
2014/05/06 16:09:27 INFO  - jmeter.services.FileServer: Stored: dane wejsciowe/KK_13/konto.csv 
2014/05/06 16:09:27 INFO  - jmeter.services.FileServer: Stored: dane wejsciowe/KK_13/osoba.csv 
2014/05/06 16:09:27 INFO  - jmeter.services.FileServer: Stored: dane wejsciowe/KK_13/licznik.csv 
2014/05/06 16:09:27 INFO  - jmeter.services.FileServer: Stored: dane wejsciowe/KK_13/punkt_poboru.csv 
2014/05/06 16:09:27 INFO  - jmeter.services.FileServer: Stored: dane wejsciowe/KK_13/posiadlosc.csv 
2014/05/06 16:10:03 INFO  - jmeter.threads.JMeterThread: Thread finished: KK_13 1-1 
2014/05/06 16:10:03 INFO  - jmeter.engine.StandardJMeterEngine: Notifying test listeners of end of test 
2014/05/06 16:10:03 INFO  - jmeter.services.FileServer: Close: dane wejsciowe/KK_13/odczyt.csv 
2014/05/06 16:10:03 INFO  - jmeter.services.FileServer: Close: dane wejsciowe/KK_13/punkt_poboru.csv 
2014/05/06 16:10:03 INFO  - jmeter.services.FileServer: Close: dane wejsciowe/KK_13/licznik.csv 
2014/05/06 16:10:03 INFO  - jmeter.services.FileServer: Close: dane wejsciowe/KK_13/konto.csv 
2014/05/06 16:10:03 INFO  - jmeter.services.FileServer: Close: dane wejsciowe/KK_13/osoba.csv 
2014/05/06 16:10:03 INFO  - jmeter.services.FileServer: Close: dane wejsciowe/KK_13/konfiguracja_licznika.csv 
2014/05/06 16:10:03 INFO  - jmeter.services.FileServer: Close: dane wejsciowe/KK_13/odczyt2.csv 
2014/05/06 16:10:03 INFO  - jmeter.services.FileServer: Close: dane wejsciowe/KK_13/posiadlosc.csv 
2014/05/06 16:10:03 INFO  - jmeter.services.FileServer: Close: dane wejsciowe/KK_13/umowa.csv 
2014/05/06 16:10:03 INFO  - jmeter.services.FileServer: Close: Dane wejsciowe/logowanie/logowanie_kcichy.csv 
2014/05/06 16:10:03 INFO  - jmeter.gui.util.JMeterMenuBar: setRunning(false,*local*) 
